<?xml version="1.0" encoding="UTF-8"?>
<!-- Generated by org.testng.reporters.JUnitXMLReporter -->
<testsuite ignored="0" hostname="DESKTOP-4JSDMOS" failures="0" tests="4" name="ConduitRestAPITest" time="5.474" errors="0" timestamp="2022-01-04T18:32:02 IST">
  <testcase classname="com.newTests.TC_001_CreateUser" name="checkStatusCode_createUser" time="0.007"/>
  <testcase classname="com.newTests.TC_002_Login" name="checkStatusCode_LoginUser" time="0.002"/>
  <testcase classname="com.newTests.TC_003_GetUser" name="checkStatusCode_getUser" time="0.001"/>
  <testcase classname="com.newTests.TC_004_CreatePost" name="checkStatusCode_createUser" time="0.002"/>
</testsuite> <!-- ConduitRestAPITest -->
