<?xml version="1.0" encoding="UTF-8"?>
<testng-results ignored="0" total="4" passed="4" failed="0" skipped="0">
  <reporter-output>
  </reporter-output>
  <suite started-at="2022-01-04T18:31:57 IST" name="ConduitRestAPISuite" finished-at="2022-01-04T18:32:02 IST" duration-ms="5474">
    <groups>
    </groups>
    <test started-at="2022-01-04T18:31:57 IST" name="ConduitRestAPITest" finished-at="2022-01-04T18:32:02 IST" duration-ms="5474">
      <class name="com.newTests.TC_004_CreatePost">
        <test-method is-config="true" signature="setUp()[pri:0, instance:com.newTests.TC_004_CreatePost@dd8ba08]" started-at="2022-01-04T18:32:02 IST" name="setUp" finished-at="2022-01-04T18:32:02 IST" duration-ms="2" status="PASS">
          <reporter-output>
          </reporter-output>
        </test-method> <!-- setUp -->
        <test-method is-config="true" signature="createPost()[pri:0, instance:com.newTests.TC_004_CreatePost@dd8ba08]" started-at="2022-01-04T18:32:02 IST" name="createPost" finished-at="2022-01-04T18:32:02 IST" duration-ms="506" status="PASS">
          <reporter-output>
          </reporter-output>
        </test-method> <!-- createPost -->
        <test-method signature="checkStatusCode_createUser()[pri:1, instance:com.newTests.TC_004_CreatePost@dd8ba08]" started-at="2022-01-04T18:32:02 IST" name="checkStatusCode_createUser" finished-at="2022-01-04T18:32:02 IST" duration-ms="2" status="PASS">
          <reporter-output>
          </reporter-output>
        </test-method> <!-- checkStatusCode_createUser -->
        <test-method is-config="true" signature="tearDown()[pri:0, instance:com.newTests.TC_004_CreatePost@dd8ba08]" started-at="2022-01-04T18:32:02 IST" name="tearDown" finished-at="2022-01-04T18:32:02 IST" duration-ms="1" status="PASS">
          <reporter-output>
          </reporter-output>
        </test-method> <!-- tearDown -->
      </class> <!-- com.newTests.TC_004_CreatePost -->
      <class name="com.newTests.TC_001_CreateUser">
        <test-method is-config="true" signature="setUp()[pri:0, instance:com.newTests.TC_001_CreateUser@9f116cc]" started-at="2022-01-04T18:31:57 IST" name="setUp" finished-at="2022-01-04T18:31:57 IST" duration-ms="143" status="PASS">
          <reporter-output>
          </reporter-output>
        </test-method> <!-- setUp -->
        <test-method is-config="true" signature="createUser()[pri:0, instance:com.newTests.TC_001_CreateUser@9f116cc]" started-at="2022-01-04T18:31:57 IST" name="createUser" finished-at="2022-01-04T18:32:00 IST" duration-ms="2952" status="PASS">
          <reporter-output>
          </reporter-output>
        </test-method> <!-- createUser -->
        <test-method signature="checkStatusCode_createUser()[pri:1, instance:com.newTests.TC_001_CreateUser@9f116cc]" started-at="2022-01-04T18:32:00 IST" name="checkStatusCode_createUser" finished-at="2022-01-04T18:32:00 IST" duration-ms="7" status="PASS">
          <reporter-output>
          </reporter-output>
        </test-method> <!-- checkStatusCode_createUser -->
      </class> <!-- com.newTests.TC_001_CreateUser -->
      <class name="com.newTests.TC_003_GetUser">
        <test-method is-config="true" signature="setUp()[pri:0, instance:com.newTests.TC_003_GetUser@515aebb0]" started-at="2022-01-04T18:32:01 IST" name="setUp" finished-at="2022-01-04T18:32:01 IST" duration-ms="2" status="PASS">
          <reporter-output>
          </reporter-output>
        </test-method> <!-- setUp -->
        <test-method is-config="true" signature="getUser()[pri:0, instance:com.newTests.TC_003_GetUser@515aebb0]" started-at="2022-01-04T18:32:01 IST" name="getUser" finished-at="2022-01-04T18:32:02 IST" duration-ms="493" status="PASS">
          <reporter-output>
          </reporter-output>
        </test-method> <!-- getUser -->
        <test-method signature="checkStatusCode_getUser()[pri:0, instance:com.newTests.TC_003_GetUser@515aebb0]" started-at="2022-01-04T18:32:02 IST" name="checkStatusCode_getUser" finished-at="2022-01-04T18:32:02 IST" duration-ms="1" status="PASS">
          <reporter-output>
          </reporter-output>
        </test-method> <!-- checkStatusCode_getUser -->
        <test-method is-config="true" signature="tearDown()[pri:0, instance:com.newTests.TC_003_GetUser@515aebb0]" started-at="2022-01-04T18:32:02 IST" name="tearDown" finished-at="2022-01-04T18:32:02 IST" duration-ms="0" status="PASS">
          <reporter-output>
          </reporter-output>
        </test-method> <!-- tearDown -->
      </class> <!-- com.newTests.TC_003_GetUser -->
      <class name="com.newTests.TC_002_Login">
        <test-method is-config="true" signature="setUp()[pri:0, instance:com.newTests.TC_002_Login@37afeb11]" started-at="2022-01-04T18:32:00 IST" name="setUp" finished-at="2022-01-04T18:32:00 IST" duration-ms="3" status="PASS">
          <reporter-output>
          </reporter-output>
        </test-method> <!-- setUp -->
        <test-method is-config="true" signature="userLogin()[pri:0, instance:com.newTests.TC_002_Login@37afeb11]" started-at="2022-01-04T18:32:00 IST" name="userLogin" finished-at="2022-01-04T18:32:01 IST" duration-ms="1308" status="PASS">
          <reporter-output>
          </reporter-output>
        </test-method> <!-- userLogin -->
        <test-method signature="checkStatusCode_LoginUser()[pri:1, instance:com.newTests.TC_002_Login@37afeb11]" started-at="2022-01-04T18:32:01 IST" name="checkStatusCode_LoginUser" finished-at="2022-01-04T18:32:01 IST" duration-ms="2" status="PASS">
          <reporter-output>
          </reporter-output>
        </test-method> <!-- checkStatusCode_LoginUser -->
        <test-method is-config="true" signature="tearDown()[pri:0, instance:com.newTests.TC_002_Login@37afeb11]" started-at="2022-01-04T18:32:01 IST" name="tearDown" finished-at="2022-01-04T18:32:01 IST" duration-ms="1" status="PASS">
          <reporter-output>
          </reporter-output>
        </test-method> <!-- tearDown -->
      </class> <!-- com.newTests.TC_002_Login -->
    </test> <!-- ConduitRestAPITest -->
  </suite> <!-- ConduitRestAPISuite -->
</testng-results>
