<?xml version="1.0" encoding="UTF-8"?>
<!-- Generated by org.testng.reporters.JUnitXMLReporter -->
<testsuite ignored="0" hostname="DESKTOP-4JSDMOS" failures="0" tests="2" name="Default test" time="1.71" errors="0" timestamp="2022-01-06T15:38:25 IST">
  <testcase classname="com.ConduitAPI.tests.TC_005_GetPost" name="getPost_checkStatusCode" time="0.018"/>
  <testcase classname="com.ConduitAPI.tests.TC_005_GetPost" name="getPost_checkResponseTime" time="0.002"/>
</testsuite> <!-- Default test -->
