<?xml version="1.0" encoding="UTF-8"?>
<!-- Generated by org.testng.reporters.JUnitXMLReporter -->
<testsuite ignored="5" hostname="DESKTOP-4JSDMOS" failures="0" tests="17" name="ConduitRestAPITest" time="5.814" errors="0" timestamp="2022-01-06T15:47:29 IST">
  <testcase classname="com.ConduitAPI.tests.TC_001_CreateUser" name="createUser_checkStatusCode" time="0.011"/>
  <testcase classname="com.ConduitAPI.tests.TC_001_CreateUser" name="createUser_checkResponseTime" time="0.002"/>
  <testcase classname="com.ConduitAPI.tests.TC_001_CreateUser" name="createUser_checkResponseUsername" time="0.017"/>
  <testcase classname="com.ConduitAPI.tests.TC_001_CreateUser" name="createUser_checkResponseEmail" time="0.011"/>
  <testcase classname="com.ConduitAPI.tests.TC_002_Login" name="LoginUser_checkStatusCode" time="0.001"/>
  <testcase classname="com.ConduitAPI.tests.TC_002_Login" name="LoginUser_checkResponseTime" time="0.001"/>
  <testcase classname="com.ConduitAPI.tests.TC_002_Login" name="LoginUser_checkResponseUsername" time="0.011"/>
  <testcase classname="com.ConduitAPI.tests.TC_002_Login" name="LoginUser_checkResponseEmail" time="0.013"/>
  <testcase classname="com.ConduitAPI.tests.TC_003_GetUser" name="getUser_checkStatusCode" time="0.002"/>
  <testcase classname="com.ConduitAPI.tests.TC_003_GetUser" name="getUser_checkResponseTime" time="0.002"/>
  <testcase classname="com.ConduitAPI.tests.TC_004_CreatePost" name="createPost_checkStatusCode" time="0.0"/>
  <testcase classname="com.ConduitAPI.tests.TC_004_CreatePost" name="createPost_checkResponseTime" time="0.0"/>
  <testcase classname="com.ConduitAPI.tests.TC_004_CreatePost" name="createPost_checkResponseTitle" time="0.018"/>
  <testcase classname="com.ConduitAPI.tests.TC_004_CreatePost" name="createPost_checkResponseDescription" time="0.011"/>
  <testcase classname="com.ConduitAPI.tests.TC_004_CreatePost" name="createPost_checkResponseBody" time="0.017"/>
  <testcase classname="com.ConduitAPI.tests.TC_005_GetPost" name="getPost_checkStatusCode" time="0.001"/>
  <testcase classname="com.ConduitAPI.tests.TC_005_GetPost" name="getPost_checkResponseTime" time="0.001"/>
  <testcase classname="com.ConduitAPI.testBase.TestBase" name="@BeforeSuite createUser" time="0.0">
    <ignored/>
  </testcase> <!-- @BeforeSuite createUser -->
  <testcase classname="com.ConduitAPI.testBase.TestBase" name="@BeforeSuite createUser" time="0.0">
    <ignored/>
  </testcase> <!-- @BeforeSuite createUser -->
  <testcase classname="com.ConduitAPI.testBase.TestBase" name="@BeforeSuite createUser" time="0.0">
    <ignored/>
  </testcase> <!-- @BeforeSuite createUser -->
  <testcase classname="com.ConduitAPI.testBase.TestBase" name="@BeforeSuite createUser" time="0.0">
    <ignored/>
  </testcase> <!-- @BeforeSuite createUser -->
  <testcase classname="com.ConduitAPI.tests.TC_003_GetUser" name="getUser_checkResponseUsername" time="0.0">
    <ignored/>
  </testcase> <!-- getUser_checkResponseUsername -->
</testsuite> <!-- ConduitRestAPITest -->
